<-------------- OUR OUTPUT ------------>
Richard: Looks like another boring day.$
Richard: I am Richard, Mistress of Magma!$
Richard - Mistress of Magma$
Jack: Looks like another boring day.$
Jack: I am Jack, the Long!$
Jack: I am Jack, the Mighty!$
getName is const$
Jack: My job here is done!$
Richard: My job here is done!$
<-------------- MUST BE : ------------>
Richard: This looks like another boring day.$
Richard: I am Richard, Mistress of Magma!$
Richard - Mistress of Magma$
Jack: This looks like another boring day.$
Jack: I am Jack, the Long!$
Jack: I am Jack, the Mighty!$
getName is const$
Jack: My job here is done!$
Richard: My job here is done!$
<--------------    DIFF :   ------------>
1c1
< Richard: This looks like another boring day.$
---
> Richard: Looks like another boring day.$
4c4
< Jack: This looks like another boring day.$
---
> Jack: Looks like another boring day.$
