In file included from cpp_module02/TargetGenerator.cpp:4:
cpp_module02/TargetGenerator.hpp:1:9: error: 'TARGETGENERRATOR_HPP' is used as a header guard here, followed by #define of a different macro [-Werror,-Wheader-guard]
#ifndef TARGETGENERRATOR_HPP
        ^~~~~~~~~~~~~~~~~~~~
cpp_module02/TargetGenerator.hpp:2:10: note: 'TARGETGENERATOR_HPP' is defined here; did you mean 'TARGETGENERRATOR_HPP'?
# define TARGETGENERATOR_HPP
         ^~~~~~~~~~~~~~~~~~~
         TARGETGENERRATOR_HPP
1 error generated.

<--------------~-~-~-~-~-~-~-~-~------------>
Richard: This looks like another boring day.$
Richard: I am Richard, Hello, I'm Richard the Warlock!!$
Inconspicuous Red-brick Wall has been turned into a critter!$
Inconspicuous Red-brick Wall has been burnt to a crisp!$
Richard: My job here is done!$
\n
<--------------~-~-~-~-~-~-~-~-~------------>\n\n
<--------------~-~-~-~-~-~-~-~-~------------>
\n
<--------------~-~-~-~-~-~-~-~-~------------>
